<?xml version="1.0" encoding="UTF-8"?>
<!-- Generated by org.testng.reporters.JUnitReportReporter -->
<testsuite hostname="manosikannan" failures="0" tests="1" name="testRunner.TestRunner" time="20.799" errors="0" timestamp="2024-09-01T15:29:30 EDT" skipped="0">
  <testcase classname="testRunner.TestRunner" name="runScenario" time="20.799"/>
</testsuite> <!-- testRunner.TestRunner -->
